2020-08-13 12:26:51,897 INFO org.springframework.boot.SpringApplication [main] No active profile set, falling back to default profiles: default
2020-08-13 12:26:53,384 INFO org.springframework.data.repository.config.RepositoryConfigurationDelegate [main] Bootstrapping Spring Data JPA repositories in DEFERRED mode.
2020-08-13 12:26:53,529 INFO org.springframework.data.repository.config.RepositoryConfigurationDelegate [main] Finished Spring Data repository scanning in 125ms. Found 1 JPA repository interfaces.
2020-08-13 12:26:54,031 INFO org.springframework.cloud.context.scope.GenericScope [main] BeanFactory id=5594b87b-afab-3cf9-abf0-66a43983cefd
2020-08-13 12:26:55,235 INFO org.springframework.boot.web.embedded.tomcat.TomcatWebServer [main] Tomcat initialized with port(s): 8088 (http)
2020-08-13 12:26:55,258 INFO org.apache.juli.logging.DirectJDKLog [main] Initializing ProtocolHandler ["http-nio-8088"]
2020-08-13 12:26:55,259 INFO org.apache.juli.logging.DirectJDKLog [main] Starting service [Tomcat]
2020-08-13 12:26:55,260 INFO org.apache.juli.logging.DirectJDKLog [main] Starting Servlet engine: [Apache Tomcat/9.0.37]
2020-08-13 12:26:55,737 INFO org.apache.juli.logging.DirectJDKLog [main] Initializing Spring embedded WebApplicationContext
2020-08-13 12:26:55,737 INFO org.springframework.boot.web.servlet.context.ServletWebServerApplicationContext [main] Root WebApplicationContext: initialization completed in 3808 ms
2020-08-13 12:26:56,455 INFO org.springframework.scheduling.concurrent.ExecutorConfigurationSupport [main] Initializing ExecutorService 'applicationTaskExecutor'
2020-08-13 12:26:56,625 INFO org.hibernate.jpa.internal.util.LogHelper [task-1] HHH000204: Processing PersistenceUnitInfo [name: default]
2020-08-13 12:26:56,722 INFO org.hibernate.Version [task-1] HHH000412: Hibernate ORM core version 5.4.18.Final
2020-08-13 12:26:56,999 INFO org.hibernate.annotations.common.reflection.java.JavaReflectionManager [task-1] HCANN000001: Hibernate Commons Annotations {5.1.0.Final}
2020-08-13 12:26:57,202 INFO com.zaxxer.hikari.HikariDataSource [task-1] HikariPool-1 - Starting...
2020-08-13 12:26:57,293 WARN org.springframework.boot.autoconfigure.orm.jpa.JpaBaseConfiguration$JpaWebConfiguration [main] spring.jpa.open-in-view is enabled by default. Therefore, database queries may be performed during view rendering. Explicitly configure spring.jpa.open-in-view to disable this warning
2020-08-13 12:26:57,809 INFO com.zaxxer.hikari.HikariDataSource [task-1] HikariPool-1 - Start completed.
2020-08-13 12:26:57,867 INFO org.hibernate.dialect.Dialect [task-1] HHH000400: Using dialect: org.hibernate.dialect.MySQL8Dialect
2020-08-13 12:26:58,888 INFO org.apache.juli.logging.DirectJDKLog [main] Starting ProtocolHandler ["http-nio-8088"]
2020-08-13 12:26:58,936 INFO org.springframework.boot.web.embedded.tomcat.TomcatWebServer [main] Tomcat started on port(s): 8088 (http) with context path '/offerservices'
2020-08-13 12:26:58,982 INFO springfox.documentation.spring.web.plugins.DocumentationPluginsBootstrapper [main] Context refreshed
2020-08-13 12:26:59,019 INFO springfox.documentation.spring.web.plugins.DocumentationPluginsBootstrapper [main] Found 1 custom documentation plugin(s)
2020-08-13 12:26:59,035 INFO springfox.documentation.spring.web.scanners.ApiListingReferenceScanner [main] Scanning for api listing references
2020-08-13 12:26:59,105 INFO org.hibernate.engine.transaction.jta.platform.internal.JtaPlatformInitiator [task-1] HHH000490: Using JtaPlatform implementation: [org.hibernate.engine.transaction.jta.platform.internal.NoJtaPlatform]
2020-08-13 12:26:59,142 INFO org.springframework.orm.jpa.AbstractEntityManagerFactoryBean [task-1] Initialized JPA EntityManagerFactory for persistence unit 'default'
2020-08-13 12:26:59,355 INFO org.springframework.data.repository.config.DeferredRepositoryInitializationListener [main] Triggering deferred initialization of Spring Data repositories…
2020-08-13 12:26:59,913 INFO org.springframework.data.repository.config.DeferredRepositoryInitializationListener [main] Spring Data repositories initialized!
2020-08-13 12:26:59,925 INFO org.springframework.boot.StartupInfoLogger [main] Started OfferApplication in 9.826 seconds (JVM running for 10.729)
2020-08-13 12:27:21,508 INFO org.apache.juli.logging.DirectJDKLog [http-nio-8088-exec-1] Initializing Spring DispatcherServlet 'dispatcherServlet'
2020-08-13 12:27:21,509 INFO org.springframework.web.servlet.FrameworkServlet [http-nio-8088-exec-1] Initializing Servlet 'dispatcherServlet'
2020-08-13 12:27:21,616 INFO org.springframework.web.servlet.FrameworkServlet [http-nio-8088-exec-1] Completed initialization in 106 ms
2020-08-13 12:27:21,696 INFO com.vms.offer.controller.OfferController [http-nio-8088-exec-1]  fetchAllOffers 
